2026-01-12 13:09:16.702 [info] Reading sessions from keychain...
2026-01-12 13:09:16.702 [info] Got stored sessions!
2026-01-12 13:09:16.702 [info] Got 1 verified sessions.
2026-01-12 13:09:16.702 [info] Getting sessions for all scopes...
2026-01-12 13:09:16.702 [info] Got 1 sessions for ...
2026-01-12 13:09:16.702 [info] Getting sessions for all scopes...
2026-01-12 13:09:16.702 [info] Got 1 sessions for ...
2026-01-12 13:09:16.702 [info] Getting sessions for all scopes...
2026-01-12 13:09:16.702 [info] Got 1 sessions for ...
2026-01-12 13:09:16.702 [info] Getting sessions for all scopes...
2026-01-12 13:09:16.702 [info] Got 1 sessions for ...
2026-01-12 13:09:16.702 [info] Getting sessions for all scopes...
2026-01-12 13:09:16.702 [info] Got 1 sessions for ...
2026-01-12 13:09:16.720 [info] Getting sessions for all scopes...
2026-01-12 13:09:16.720 [info] Got 1 sessions for ...
2026-01-12 13:09:16.720 [info] Getting sessions for all scopes...
2026-01-12 13:09:16.720 [info] Got 1 sessions for ...
2026-01-12 13:09:16.720 [info] Getting sessions for all scopes...
2026-01-12 13:09:16.720 [info] Got 1 sessions for ...
2026-01-12 13:09:16.720 [info] Getting sessions for all scopes...
2026-01-12 13:09:16.721 [info] Got 1 sessions for ...
2026-01-12 13:09:16.721 [info] Getting sessions for all scopes...
2026-01-12 13:09:16.721 [info] Got 1 sessions for ...
2026-01-12 13:09:16.724 [info] Getting sessions for all scopes...
2026-01-12 13:09:16.724 [info] Got 1 sessions for ...
2026-01-12 13:09:16.729 [info] Getting sessions for all scopes...
2026-01-12 13:09:16.729 [info] Got 1 sessions for ...
2026-01-12 13:09:16.729 [info] Getting sessions for all scopes...
2026-01-12 13:09:16.729 [info] Got 1 sessions for ...
2026-01-12 13:09:16.729 [info] Getting sessions for all scopes...
2026-01-12 13:09:16.729 [info] Got 1 sessions for ...
2026-01-12 13:09:16.729 [info] Getting sessions for all scopes...
2026-01-12 13:09:16.729 [info] Got 1 sessions for ...
2026-01-12 13:09:16.729 [info] Getting sessions for all scopes...
2026-01-12 13:09:16.729 [info] Got 1 sessions for ...
2026-01-12 13:09:18.812 [info] Getting sessions for all scopes...
2026-01-12 13:09:18.812 [info] Got 1 sessions for ...
2026-01-12 13:09:19.152 [info] FetcherService: Electron fetch failed with status: 429 
2026-01-12 13:09:19.288 [info] FetcherService: Node fetch failed with status: 429 Too Many Requests
2026-01-12 13:09:19.403 [info] FetcherService: Node http/s failed with status: 429 Too Many Requests
