2025-12-11 03:18:51.316 [info] Reading sessions from keychain...
2025-12-11 03:18:51.316 [info] Got stored sessions!
2025-12-11 03:18:51.316 [info] Got 1 verified sessions.
2025-12-11 03:18:51.316 [info] Getting sessions for all scopes...
2025-12-11 03:18:51.316 [info] Got 1 sessions for ...
2025-12-11 03:18:51.316 [info] Getting sessions for all scopes...
2025-12-11 03:18:51.316 [info] Got 1 sessions for ...
2025-12-11 03:18:51.316 [info] Getting sessions for all scopes...
2025-12-11 03:18:51.316 [info] Got 1 sessions for ...
2025-12-11 03:18:51.316 [info] Getting sessions for all scopes...
2025-12-11 03:18:51.316 [info] Got 1 sessions for ...
2025-12-11 03:18:51.316 [info] Getting sessions for all scopes...
2025-12-11 03:18:51.316 [info] Got 1 sessions for ...
2025-12-11 03:18:51.316 [info] Getting sessions for all scopes...
2025-12-11 03:18:51.316 [info] Got 1 sessions for ...
2025-12-11 03:18:51.316 [info] Getting sessions for all scopes...
2025-12-11 03:18:51.316 [info] Got 1 sessions for ...
2025-12-11 03:18:51.316 [info] Getting sessions for all scopes...
2025-12-11 03:18:51.316 [info] Got 1 sessions for ...
2025-12-11 03:18:51.316 [info] Getting sessions for all scopes...
2025-12-11 03:18:51.316 [info] Got 1 sessions for ...
2025-12-11 03:18:51.316 [info] Getting sessions for all scopes...
2025-12-11 03:18:51.316 [info] Got 1 sessions for ...
2025-12-11 03:18:51.316 [info] Getting sessions for all scopes...
2025-12-11 03:18:51.316 [info] Got 1 sessions for ...
2025-12-11 03:18:51.316 [info] Getting sessions for all scopes...
2025-12-11 03:18:51.316 [info] Got 1 sessions for ...
2025-12-11 03:18:51.316 [info] Getting sessions for all scopes...
2025-12-11 03:18:51.316 [info] Got 1 sessions for ...
2025-12-11 03:18:51.316 [info] Getting sessions for all scopes...
2025-12-11 03:18:51.316 [info] Got 1 sessions for ...
2025-12-11 03:18:51.316 [info] Getting sessions for all scopes...
2025-12-11 03:18:51.316 [info] Got 1 sessions for ...
2025-12-11 03:18:51.316 [info] Getting sessions for all scopes...
2025-12-11 03:18:51.316 [info] Got 1 sessions for ...
2025-12-11 03:18:51.316 [info] Getting sessions for all scopes...
2025-12-11 03:18:51.316 [info] Got 1 sessions for ...
2025-12-11 03:18:51.316 [info] Getting sessions for all scopes...
2025-12-11 03:18:51.316 [info] Got 1 sessions for ...
2025-12-11 03:18:51.316 [info] Getting sessions for read:user,repo,user:email,workflow...
2025-12-11 03:18:51.316 [info] Got 0 sessions for read:user,repo,user:email,workflow...
2025-12-11 03:18:51.342 [info] Getting sessions for user:email...
2025-12-11 03:18:51.342 [info] Got 1 sessions for user:email...
2025-12-11 03:18:51.342 [info] Getting sessions for read:user,repo,user:email,workflow...
2025-12-11 03:18:51.342 [info] Got 0 sessions for read:user,repo,user:email,workflow...
2025-12-11 03:18:51.348 [info] Getting sessions for all scopes...
2025-12-11 03:18:51.348 [info] Got 1 sessions for ...
2025-12-11 03:18:51.349 [info] Getting sessions for read:user,repo,user:email,workflow...
2025-12-11 03:18:51.349 [info] Got 0 sessions for read:user,repo,user:email,workflow...
2025-12-11 03:18:51.349 [info] Getting sessions for user:email...
2025-12-11 03:18:51.350 [info] Got 1 sessions for user:email...
2025-12-11 03:18:51.456 [info] Getting sessions for all scopes...
2025-12-11 03:18:51.456 [info] Got 1 sessions for ...
2025-12-11 03:18:51.459 [info] Getting sessions for all scopes...
2025-12-11 03:18:51.459 [info] Got 1 sessions for ...
2025-12-11 03:18:51.460 [info] Getting sessions for all scopes...
2025-12-11 03:18:51.460 [info] Got 1 sessions for ...
2025-12-11 03:18:51.460 [info] Getting sessions for all scopes...
2025-12-11 03:18:51.460 [info] Got 1 sessions for ...
2025-12-11 03:18:51.467 [info] Getting sessions for read:user,repo,user:email,workflow...
2025-12-11 03:18:51.467 [info] Got 0 sessions for read:user,repo,user:email,workflow...
2025-12-11 03:18:51.468 [info] Getting sessions for user:email...
2025-12-11 03:18:51.468 [info] Got 1 sessions for user:email...
2025-12-11 03:18:51.468 [info] Getting sessions for read:user,repo,user:email,workflow...
2025-12-11 03:18:51.468 [info] Got 0 sessions for read:user,repo,user:email,workflow...
2025-12-11 03:18:51.831 [info] Getting sessions for all scopes...
2025-12-11 03:18:51.831 [info] Got 1 sessions for ...
2025-12-11 03:18:51.831 [info] Getting sessions for all scopes...
2025-12-11 03:18:51.831 [info] Got 1 sessions for ...
2025-12-11 03:18:51.837 [info] Getting sessions for read:user,repo,user:email,workflow...
2025-12-11 03:18:51.837 [info] Got 0 sessions for read:user,repo,user:email,workflow...
2025-12-11 03:18:51.838 [info] Getting sessions for user:email...
2025-12-11 03:18:51.838 [info] Got 1 sessions for user:email...
2025-12-11 03:18:51.838 [info] Getting sessions for read:user,repo,user:email,workflow...
2025-12-11 03:18:51.838 [info] Got 0 sessions for read:user,repo,user:email,workflow...
2025-12-11 03:18:51.875 [info] Getting sessions for all scopes...
2025-12-11 03:18:51.875 [info] Got 1 sessions for ...
2025-12-11 03:18:51.876 [info] Getting sessions for all scopes...
2025-12-11 03:18:51.876 [info] Got 1 sessions for ...
2025-12-11 03:18:51.876 [info] Getting sessions for all scopes...
2025-12-11 03:18:51.876 [info] Got 1 sessions for ...
2025-12-11 03:18:51.880 [info] Getting sessions for all scopes...
2025-12-11 03:18:51.880 [info] Got 1 sessions for ...
2025-12-11 03:18:51.900 [info] Getting sessions for read:user,repo,user:email,workflow...
2025-12-11 03:18:51.900 [info] Got 0 sessions for read:user,repo,user:email,workflow...
2025-12-11 03:18:51.910 [info] Getting sessions for user:email...
2025-12-11 03:18:51.910 [info] Got 1 sessions for user:email...
2025-12-11 03:18:51.910 [info] Getting sessions for read:user,repo,user:email,workflow...
2025-12-11 03:18:51.910 [info] Got 0 sessions for read:user,repo,user:email,workflow...
2025-12-11 03:18:51.911 [info] Getting sessions for all scopes...
2025-12-11 03:18:51.911 [info] Got 1 sessions for ...
2025-12-11 03:18:51.912 [info] Getting sessions for read:user,repo,user:email,workflow...
2025-12-11 03:18:51.912 [info] Got 0 sessions for read:user,repo,user:email,workflow...
2025-12-11 03:18:51.912 [info] Getting sessions for user:email...
2025-12-11 03:18:51.912 [info] Got 1 sessions for user:email...
2025-12-11 03:18:52.275 [info] FetcherService: Electron fetch failed with status: 429 
2025-12-11 03:18:52.381 [info] FetcherService: Node fetch failed with status: 429 Too Many Requests
2025-12-11 03:18:52.467 [info] Getting sessions for all scopes...
2025-12-11 03:18:52.467 [info] Got 1 sessions for ...
2025-12-11 03:18:52.495 [info] FetcherService: Node http/s failed with status: 429 Too Many Requests
