2026-01-09 16:17:18.664 [info] Reading sessions from keychain...
2026-01-09 16:17:18.664 [info] Got stored sessions!
2026-01-09 16:17:18.664 [info] Got 1 verified sessions.
2026-01-09 16:17:18.664 [info] Getting sessions for all scopes...
2026-01-09 16:17:18.664 [info] Got 1 sessions for ...
2026-01-09 16:17:18.664 [info] Getting sessions for all scopes...
2026-01-09 16:17:18.664 [info] Got 1 sessions for ...
2026-01-09 16:17:18.664 [info] Getting sessions for all scopes...
2026-01-09 16:17:18.664 [info] Got 1 sessions for ...
2026-01-09 16:17:18.664 [info] Getting sessions for all scopes...
2026-01-09 16:17:18.664 [info] Got 1 sessions for ...
2026-01-09 16:17:18.664 [info] Getting sessions for all scopes...
2026-01-09 16:17:18.664 [info] Got 1 sessions for ...
2026-01-09 16:17:18.664 [info] Getting sessions for all scopes...
2026-01-09 16:17:18.664 [info] Got 1 sessions for ...
2026-01-09 16:17:18.664 [info] Getting sessions for all scopes...
2026-01-09 16:17:18.664 [info] Got 1 sessions for ...
2026-01-09 16:17:18.664 [info] Getting sessions for all scopes...
2026-01-09 16:17:18.664 [info] Got 1 sessions for ...
2026-01-09 16:17:18.664 [info] Getting sessions for all scopes...
2026-01-09 16:17:18.664 [info] Got 1 sessions for ...
2026-01-09 16:17:18.664 [info] Getting sessions for all scopes...
2026-01-09 16:17:18.664 [info] Got 1 sessions for ...
2026-01-09 16:17:18.664 [info] Getting sessions for all scopes...
2026-01-09 16:17:18.664 [info] Got 1 sessions for ...
2026-01-09 16:17:18.664 [info] Getting sessions for all scopes...
2026-01-09 16:17:18.664 [info] Got 1 sessions for ...
2026-01-09 16:17:18.664 [info] Getting sessions for all scopes...
2026-01-09 16:17:18.664 [info] Got 1 sessions for ...
2026-01-09 16:17:18.664 [info] Getting sessions for all scopes...
2026-01-09 16:17:18.664 [info] Got 1 sessions for ...
2026-01-09 16:17:18.664 [info] Getting sessions for all scopes...
2026-01-09 16:17:18.664 [info] Got 1 sessions for ...
2026-01-09 16:17:18.664 [info] Getting sessions for all scopes...
2026-01-09 16:17:18.664 [info] Got 1 sessions for ...
2026-01-09 16:17:18.664 [info] Getting sessions for all scopes...
2026-01-09 16:17:18.664 [info] Got 1 sessions for ...
2026-01-09 16:17:18.664 [info] Getting sessions for all scopes...
2026-01-09 16:17:18.664 [info] Got 1 sessions for ...
2026-01-09 16:17:18.664 [info] Getting sessions for all scopes...
2026-01-09 16:17:18.664 [info] Got 1 sessions for ...
2026-01-09 16:17:18.664 [info] Getting sessions for read:user,repo,user:email,workflow...
2026-01-09 16:17:18.664 [info] Got 0 sessions for read:user,repo,user:email,workflow...
2026-01-09 16:17:18.685 [info] Getting sessions for user:email...
2026-01-09 16:17:18.685 [info] Got 1 sessions for user:email...
2026-01-09 16:17:18.686 [info] Getting sessions for read:user,repo,user:email,workflow...
2026-01-09 16:17:18.686 [info] Got 0 sessions for read:user,repo,user:email,workflow...
2026-01-09 16:17:18.692 [info] Getting sessions for all scopes...
2026-01-09 16:17:18.692 [info] Got 1 sessions for ...
2026-01-09 16:17:18.692 [info] Getting sessions for read:user,repo,user:email,workflow...
2026-01-09 16:17:18.692 [info] Got 0 sessions for read:user,repo,user:email,workflow...
2026-01-09 16:17:18.693 [info] Getting sessions for user:email...
2026-01-09 16:17:18.693 [info] Got 1 sessions for user:email...
2026-01-09 16:17:18.990 [info] Getting sessions for all scopes...
2026-01-09 16:17:18.990 [info] Got 1 sessions for ...
2026-01-09 16:17:18.991 [info] Getting sessions for all scopes...
2026-01-09 16:17:18.991 [info] Got 1 sessions for ...
2026-01-09 16:17:18.991 [info] Getting sessions for read:user,repo,user:email,workflow...
2026-01-09 16:17:18.991 [info] Got 0 sessions for read:user,repo,user:email,workflow...
2026-01-09 16:17:18.992 [info] Getting sessions for user:email...
2026-01-09 16:17:18.992 [info] Got 1 sessions for user:email...
2026-01-09 16:17:18.992 [info] Getting sessions for read:user,repo,user:email,workflow...
2026-01-09 16:17:18.992 [info] Got 0 sessions for read:user,repo,user:email,workflow...
2026-01-09 16:17:19.042 [info] Getting sessions for all scopes...
2026-01-09 16:17:19.042 [info] Got 1 sessions for ...
2026-01-09 16:17:19.042 [info] Getting sessions for all scopes...
2026-01-09 16:17:19.042 [info] Got 1 sessions for ...
2026-01-09 16:17:19.048 [info] Getting sessions for read:user,repo,user:email,workflow...
2026-01-09 16:17:19.048 [info] Got 0 sessions for read:user,repo,user:email,workflow...
2026-01-09 16:17:19.049 [info] Getting sessions for user:email...
2026-01-09 16:17:19.049 [info] Got 1 sessions for user:email...
2026-01-09 16:17:19.049 [info] Getting sessions for read:user,repo,user:email,workflow...
2026-01-09 16:17:19.049 [info] Got 0 sessions for read:user,repo,user:email,workflow...
2026-01-09 16:17:19.113 [info] Getting sessions for all scopes...
2026-01-09 16:17:19.113 [info] Got 1 sessions for ...
2026-01-09 16:17:19.113 [info] Getting sessions for all scopes...
2026-01-09 16:17:19.114 [info] Got 1 sessions for ...
2026-01-09 16:17:19.114 [info] Getting sessions for all scopes...
2026-01-09 16:17:19.114 [info] Got 1 sessions for ...
2026-01-09 16:17:19.115 [info] Getting sessions for all scopes...
2026-01-09 16:17:19.115 [info] Got 1 sessions for ...
2026-01-09 16:17:19.117 [info] Getting sessions for read:user,repo,user:email,workflow...
2026-01-09 16:17:19.117 [info] Got 0 sessions for read:user,repo,user:email,workflow...
2026-01-09 16:17:19.118 [info] Getting sessions for user:email...
2026-01-09 16:17:19.118 [info] Got 1 sessions for user:email...
2026-01-09 16:17:19.118 [info] Getting sessions for read:user,repo,user:email,workflow...
2026-01-09 16:17:19.118 [info] Got 0 sessions for read:user,repo,user:email,workflow...
2026-01-09 16:17:19.120 [info] Getting sessions for all scopes...
2026-01-09 16:17:19.120 [info] Got 1 sessions for ...
2026-01-09 16:17:19.121 [info] Getting sessions for read:user,repo,user:email,workflow...
2026-01-09 16:17:19.121 [info] Got 0 sessions for read:user,repo,user:email,workflow...
2026-01-09 16:17:19.123 [info] Getting sessions for user:email...
2026-01-09 16:17:19.123 [info] Got 1 sessions for user:email...
2026-01-09 16:17:19.594 [info] FetcherService: Electron fetch failed with status: 429 
2026-01-09 16:17:19.751 [info] FetcherService: Node fetch failed with status: 429 Too Many Requests
2026-01-09 16:17:19.938 [info] FetcherService: Node http/s failed with status: 429 Too Many Requests
2026-01-09 16:17:35.402 [info] Reading sessions from keychain...
2026-01-09 16:17:35.402 [info] Got stored sessions!
2026-01-09 16:17:35.402 [info] Got 1 verified sessions.
2026-01-09 16:17:35.402 [info] Getting sessions for all scopes...
2026-01-09 16:17:35.402 [info] Got 1 sessions for ...
2026-01-09 16:17:35.402 [info] Getting sessions for all scopes...
2026-01-09 16:17:35.402 [info] Got 1 sessions for ...
2026-01-09 16:17:35.402 [info] Getting sessions for all scopes...
2026-01-09 16:17:35.402 [info] Got 1 sessions for ...
2026-01-09 16:17:35.402 [info] Getting sessions for all scopes...
2026-01-09 16:17:35.402 [info] Got 1 sessions for ...
2026-01-09 16:17:35.402 [info] Getting sessions for all scopes...
2026-01-09 16:17:35.402 [info] Got 1 sessions for ...
2026-01-09 16:17:35.402 [info] Getting sessions for all scopes...
2026-01-09 16:17:35.402 [info] Got 1 sessions for ...
2026-01-09 16:17:35.402 [info] Getting sessions for all scopes...
2026-01-09 16:17:35.402 [info] Got 1 sessions for ...
2026-01-09 16:17:35.480 [info] Getting sessions for read:user,repo,user:email,workflow...
2026-01-09 16:17:35.480 [info] Got 0 sessions for read:user,repo,user:email,workflow...
2026-01-09 16:17:35.502 [info] Getting sessions for user:email...
2026-01-09 16:17:35.502 [info] Got 1 sessions for user:email...
2026-01-09 16:17:35.502 [info] Getting sessions for read:user,repo,user:email,workflow...
2026-01-09 16:17:35.502 [info] Got 0 sessions for read:user,repo,user:email,workflow...
2026-01-09 16:17:35.504 [info] Getting sessions for all scopes...
2026-01-09 16:17:35.504 [info] Got 1 sessions for ...
2026-01-09 16:17:35.504 [info] Getting sessions for read:user,repo,user:email,workflow...
2026-01-09 16:17:35.504 [info] Got 0 sessions for read:user,repo,user:email,workflow...
2026-01-09 16:17:35.505 [info] Getting sessions for user:email...
2026-01-09 16:17:35.505 [info] Got 1 sessions for user:email...
2026-01-09 16:17:35.754 [info] Getting sessions for all scopes...
2026-01-09 16:17:35.754 [info] Got 1 sessions for ...
2026-01-09 16:17:35.754 [info] Getting sessions for all scopes...
2026-01-09 16:17:35.754 [info] Got 1 sessions for ...
2026-01-09 16:17:35.756 [info] Getting sessions for read:user,repo,user:email,workflow...
2026-01-09 16:17:35.756 [info] Got 0 sessions for read:user,repo,user:email,workflow...
2026-01-09 16:17:35.757 [info] Getting sessions for user:email...
2026-01-09 16:17:35.757 [info] Got 1 sessions for user:email...
2026-01-09 16:17:35.757 [info] Getting sessions for read:user,repo,user:email,workflow...
2026-01-09 16:17:35.757 [info] Got 0 sessions for read:user,repo,user:email,workflow...
2026-01-09 16:17:36.134 [info] Getting sessions for all scopes...
2026-01-09 16:17:36.134 [info] Got 1 sessions for ...
2026-01-09 16:17:36.135 [info] Getting sessions for all scopes...
2026-01-09 16:17:36.135 [info] Got 1 sessions for ...
2026-01-09 16:17:36.136 [info] Getting sessions for read:user,repo,user:email,workflow...
2026-01-09 16:17:36.136 [info] Got 0 sessions for read:user,repo,user:email,workflow...
2026-01-09 16:17:36.137 [info] Getting sessions for user:email...
2026-01-09 16:17:36.137 [info] Got 1 sessions for user:email...
2026-01-09 16:17:36.137 [info] Getting sessions for read:user,repo,user:email,workflow...
2026-01-09 16:17:36.137 [info] Got 0 sessions for read:user,repo,user:email,workflow...
2026-01-09 16:17:36.187 [info] Getting sessions for all scopes...
2026-01-09 16:17:36.187 [info] Got 1 sessions for ...
2026-01-09 16:17:36.187 [info] Getting sessions for all scopes...
2026-01-09 16:17:36.187 [info] Got 1 sessions for ...
2026-01-09 16:17:36.191 [info] Getting sessions for read:user,repo,user:email,workflow...
2026-01-09 16:17:36.191 [info] Got 0 sessions for read:user,repo,user:email,workflow...
2026-01-09 16:17:36.192 [info] Getting sessions for user:email...
2026-01-09 16:17:36.192 [info] Got 1 sessions for user:email...
2026-01-09 16:17:36.192 [info] Getting sessions for read:user,repo,user:email,workflow...
2026-01-09 16:17:36.192 [info] Got 0 sessions for read:user,repo,user:email,workflow...
2026-01-09 16:17:36.194 [info] Getting sessions for all scopes...
2026-01-09 16:17:36.194 [info] Got 1 sessions for ...
2026-01-09 16:17:36.195 [info] Getting sessions for read:user,repo,user:email,workflow...
2026-01-09 16:17:36.195 [info] Got 0 sessions for read:user,repo,user:email,workflow...
2026-01-09 16:17:36.195 [info] Getting sessions for user:email...
2026-01-09 16:17:36.195 [info] Got 1 sessions for user:email...
2026-01-09 16:17:36.456 [info] FetcherService: Electron fetch failed with status: 429 
2026-01-09 16:17:36.663 [info] FetcherService: Node fetch failed with status: 429 Too Many Requests
2026-01-09 16:17:36.878 [info] FetcherService: Node http/s failed with status: 429 Too Many Requests
2026-01-09 16:17:41.582 [info] Reading sessions from keychain...
2026-01-09 16:17:41.582 [info] Got stored sessions!
2026-01-09 16:17:41.582 [info] Got 1 verified sessions.
2026-01-09 16:17:41.582 [info] Getting sessions for all scopes...
2026-01-09 16:17:41.582 [info] Got 1 sessions for ...
2026-01-09 16:17:41.583 [info] Getting sessions for all scopes...
2026-01-09 16:17:41.583 [info] Got 1 sessions for ...
2026-01-09 16:17:41.583 [info] Getting sessions for all scopes...
2026-01-09 16:17:41.583 [info] Got 1 sessions for ...
2026-01-09 16:17:41.583 [info] Getting sessions for all scopes...
2026-01-09 16:17:41.583 [info] Got 1 sessions for ...
2026-01-09 16:17:41.583 [info] Getting sessions for all scopes...
2026-01-09 16:17:41.583 [info] Got 1 sessions for ...
2026-01-09 16:17:41.583 [info] Getting sessions for all scopes...
2026-01-09 16:17:41.583 [info] Got 1 sessions for ...
2026-01-09 16:17:41.583 [info] Getting sessions for all scopes...
2026-01-09 16:17:41.583 [info] Got 1 sessions for ...
2026-01-09 16:17:41.654 [info] Getting sessions for read:user,repo,user:email,workflow...
2026-01-09 16:17:41.654 [info] Got 0 sessions for read:user,repo,user:email,workflow...
2026-01-09 16:17:41.672 [info] Getting sessions for user:email...
2026-01-09 16:17:41.672 [info] Got 1 sessions for user:email...
2026-01-09 16:17:41.673 [info] Getting sessions for read:user,repo,user:email,workflow...
2026-01-09 16:17:41.673 [info] Got 0 sessions for read:user,repo,user:email,workflow...
2026-01-09 16:17:41.674 [info] Getting sessions for all scopes...
2026-01-09 16:17:41.674 [info] Got 1 sessions for ...
2026-01-09 16:17:41.675 [info] Getting sessions for read:user,repo,user:email,workflow...
2026-01-09 16:17:41.675 [info] Got 0 sessions for read:user,repo,user:email,workflow...
2026-01-09 16:17:41.675 [info] Getting sessions for user:email...
2026-01-09 16:17:41.675 [info] Got 1 sessions for user:email...
2026-01-09 16:17:41.841 [info] Getting sessions for all scopes...
2026-01-09 16:17:41.841 [info] Got 1 sessions for ...
2026-01-09 16:17:41.841 [info] Getting sessions for all scopes...
2026-01-09 16:17:41.841 [info] Got 1 sessions for ...
2026-01-09 16:17:41.851 [info] Getting sessions for read:user,repo,user:email,workflow...
2026-01-09 16:17:41.851 [info] Got 0 sessions for read:user,repo,user:email,workflow...
2026-01-09 16:17:41.851 [info] Getting sessions for user:email...
2026-01-09 16:17:41.851 [info] Got 1 sessions for user:email...
2026-01-09 16:17:41.852 [info] Getting sessions for read:user,repo,user:email,workflow...
2026-01-09 16:17:41.852 [info] Got 0 sessions for read:user,repo,user:email,workflow...
2026-01-09 16:17:42.257 [info] Getting sessions for all scopes...
2026-01-09 16:17:42.257 [info] Got 1 sessions for ...
2026-01-09 16:17:42.257 [info] Getting sessions for all scopes...
2026-01-09 16:17:42.257 [info] Got 1 sessions for ...
2026-01-09 16:17:42.261 [info] Getting sessions for read:user,repo,user:email,workflow...
2026-01-09 16:17:42.261 [info] Got 0 sessions for read:user,repo,user:email,workflow...
2026-01-09 16:17:42.264 [info] Getting sessions for user:email...
2026-01-09 16:17:42.264 [info] Got 1 sessions for user:email...
2026-01-09 16:17:42.264 [info] Getting sessions for read:user,repo,user:email,workflow...
2026-01-09 16:17:42.264 [info] Got 0 sessions for read:user,repo,user:email,workflow...
2026-01-09 16:17:42.316 [info] Getting sessions for all scopes...
2026-01-09 16:17:42.316 [info] Got 1 sessions for ...
2026-01-09 16:17:42.316 [info] Getting sessions for all scopes...
2026-01-09 16:17:42.316 [info] Got 1 sessions for ...
2026-01-09 16:17:42.319 [info] Getting sessions for read:user,repo,user:email,workflow...
2026-01-09 16:17:42.319 [info] Got 0 sessions for read:user,repo,user:email,workflow...
2026-01-09 16:17:42.320 [info] Getting sessions for user:email...
2026-01-09 16:17:42.320 [info] Got 1 sessions for user:email...
2026-01-09 16:17:42.320 [info] Getting sessions for read:user,repo,user:email,workflow...
2026-01-09 16:17:42.320 [info] Got 0 sessions for read:user,repo,user:email,workflow...
2026-01-09 16:17:42.321 [info] Getting sessions for all scopes...
2026-01-09 16:17:42.321 [info] Got 1 sessions for ...
2026-01-09 16:17:42.321 [info] Getting sessions for read:user,repo,user:email,workflow...
2026-01-09 16:17:42.321 [info] Got 0 sessions for read:user,repo,user:email,workflow...
2026-01-09 16:17:42.322 [info] Getting sessions for user:email...
2026-01-09 16:17:42.322 [info] Got 1 sessions for user:email...
2026-01-09 16:17:42.613 [info] FetcherService: Electron fetch failed with status: 429 
2026-01-09 16:17:42.811 [info] FetcherService: Node fetch failed with status: 429 Too Many Requests
2026-01-09 16:17:44.133 [info] Reading sessions from keychain...
2026-01-09 16:17:44.133 [info] Getting sessions for all scopes...
2026-01-09 16:17:44.133 [info] Got stored sessions!
2026-01-09 16:17:44.133 [info] Got 1 verified sessions.
2026-01-09 16:17:44.133 [info] Got 1 sessions for ...
2026-01-09 16:17:44.133 [info] Getting sessions for all scopes...
2026-01-09 16:17:44.133 [info] Got 1 sessions for ...
2026-01-09 16:17:44.133 [info] Getting sessions for all scopes...
2026-01-09 16:17:44.133 [info] Got 1 sessions for ...
2026-01-09 16:17:44.133 [info] Getting sessions for all scopes...
2026-01-09 16:17:44.133 [info] Got 1 sessions for ...
2026-01-09 16:17:44.133 [info] Getting sessions for all scopes...
2026-01-09 16:17:44.133 [info] Got 1 sessions for ...
2026-01-09 16:17:44.133 [info] Getting sessions for all scopes...
2026-01-09 16:17:44.133 [info] Got 1 sessions for ...
2026-01-09 16:17:44.133 [info] Getting sessions for all scopes...
2026-01-09 16:17:44.133 [info] Got 1 sessions for ...
2026-01-09 16:17:44.206 [info] Getting sessions for read:user,repo,user:email,workflow...
2026-01-09 16:17:44.206 [info] Got 0 sessions for read:user,repo,user:email,workflow...
2026-01-09 16:17:44.224 [info] Getting sessions for user:email...
2026-01-09 16:17:44.225 [info] Got 1 sessions for user:email...
2026-01-09 16:17:44.225 [info] Getting sessions for read:user,repo,user:email,workflow...
2026-01-09 16:17:44.225 [info] Got 0 sessions for read:user,repo,user:email,workflow...
2026-01-09 16:17:44.226 [info] Getting sessions for all scopes...
2026-01-09 16:17:44.226 [info] Got 1 sessions for ...
2026-01-09 16:17:44.227 [info] Getting sessions for read:user,repo,user:email,workflow...
2026-01-09 16:17:44.227 [info] Got 0 sessions for read:user,repo,user:email,workflow...
2026-01-09 16:17:44.227 [info] Getting sessions for user:email...
2026-01-09 16:17:44.227 [info] Got 1 sessions for user:email...
2026-01-09 16:17:44.535 [info] Getting sessions for all scopes...
2026-01-09 16:17:44.535 [info] Got 1 sessions for ...
2026-01-09 16:17:44.535 [info] Getting sessions for all scopes...
2026-01-09 16:17:44.535 [info] Got 1 sessions for ...
2026-01-09 16:17:44.546 [info] Getting sessions for read:user,repo,user:email,workflow...
2026-01-09 16:17:44.546 [info] Got 0 sessions for read:user,repo,user:email,workflow...
2026-01-09 16:17:44.548 [info] Getting sessions for user:email...
2026-01-09 16:17:44.548 [info] Got 1 sessions for user:email...
2026-01-09 16:17:44.549 [info] Getting sessions for read:user,repo,user:email,workflow...
2026-01-09 16:17:44.549 [info] Got 0 sessions for read:user,repo,user:email,workflow...
2026-01-09 16:17:44.602 [info] Getting sessions for all scopes...
2026-01-09 16:17:44.602 [info] Got 1 sessions for ...
2026-01-09 16:17:44.602 [info] Getting sessions for all scopes...
2026-01-09 16:17:44.602 [info] Got 1 sessions for ...
2026-01-09 16:17:44.605 [info] Getting sessions for read:user,repo,user:email,workflow...
2026-01-09 16:17:44.605 [info] Got 0 sessions for read:user,repo,user:email,workflow...
2026-01-09 16:17:44.606 [info] Getting sessions for user:email...
2026-01-09 16:17:44.606 [info] Got 1 sessions for user:email...
2026-01-09 16:17:44.606 [info] Getting sessions for read:user,repo,user:email,workflow...
2026-01-09 16:17:44.606 [info] Got 0 sessions for read:user,repo,user:email,workflow...
2026-01-09 16:17:44.607 [info] Getting sessions for all scopes...
2026-01-09 16:17:44.607 [info] Got 1 sessions for ...
2026-01-09 16:17:44.608 [info] Getting sessions for read:user,repo,user:email,workflow...
2026-01-09 16:17:44.608 [info] Got 0 sessions for read:user,repo,user:email,workflow...
2026-01-09 16:17:44.918 [info] Getting sessions for user:email...
2026-01-09 16:17:44.918 [info] Got 1 sessions for user:email...
2026-01-09 16:17:45.173 [info] FetcherService: Electron fetch failed with status: 429 
2026-01-09 16:17:45.323 [info] FetcherService: Node fetch failed with status: 429 Too Many Requests
2026-01-09 16:17:45.434 [info] FetcherService: Node http/s failed with status: 429 Too Many Requests
2026-01-09 16:18:13.080 [info] Reading sessions from keychain...
2026-01-09 16:18:13.080 [info] Got stored sessions!
2026-01-09 16:18:13.080 [info] Got 1 verified sessions.
2026-01-09 16:18:13.080 [info] Getting sessions for all scopes...
2026-01-09 16:18:13.080 [info] Got 1 sessions for ...
2026-01-09 16:18:13.080 [info] Getting sessions for all scopes...
2026-01-09 16:18:13.080 [info] Got 1 sessions for ...
2026-01-09 16:18:13.080 [info] Getting sessions for all scopes...
2026-01-09 16:18:13.080 [info] Got 1 sessions for ...
2026-01-09 16:18:13.080 [info] Getting sessions for all scopes...
2026-01-09 16:18:13.080 [info] Got 1 sessions for ...
2026-01-09 16:18:13.080 [info] Getting sessions for all scopes...
2026-01-09 16:18:13.080 [info] Got 1 sessions for ...
2026-01-09 16:18:14.151 [info] FetcherService: Electron fetch failed with status: 429 
2026-01-09 16:18:14.351 [info] FetcherService: Node fetch failed with status: 429 Too Many Requests
2026-01-09 16:18:14.454 [info] FetcherService: Node http/s failed with status: 429 Too Many Requests
2026-01-09 16:18:20.122 [info] Reading sessions from keychain...
2026-01-09 16:18:20.122 [info] Got stored sessions!
2026-01-09 16:18:20.122 [info] Got 1 verified sessions.
2026-01-09 16:18:20.122 [info] Getting sessions for all scopes...
2026-01-09 16:18:20.122 [info] Got 1 sessions for ...
2026-01-09 16:18:20.122 [info] Getting sessions for all scopes...
2026-01-09 16:18:20.122 [info] Got 1 sessions for ...
2026-01-09 16:18:20.122 [info] Getting sessions for all scopes...
2026-01-09 16:18:20.122 [info] Got 1 sessions for ...
2026-01-09 16:18:20.122 [info] Getting sessions for all scopes...
2026-01-09 16:18:20.122 [info] Got 1 sessions for ...
2026-01-09 16:18:20.122 [info] Getting sessions for all scopes...
2026-01-09 16:18:20.122 [info] Got 1 sessions for ...
2026-01-09 16:18:21.159 [info] FetcherService: Electron fetch failed with status: 429 
2026-01-09 16:18:21.309 [info] FetcherService: Node fetch failed with status: 429 Too Many Requests
2026-01-09 16:18:21.484 [info] FetcherService: Node http/s failed with status: 429 Too Many Requests
