2026-01-12 13:03:25.741 [info] Reading sessions from keychain...
2026-01-12 13:03:25.741 [info] Getting sessions for all scopes...
2026-01-12 13:03:25.741 [info] Got stored sessions!
2026-01-12 13:03:25.741 [info] Got 1 verified sessions.
2026-01-12 13:03:25.741 [info] Got 1 sessions for ...
2026-01-12 13:03:25.741 [info] Getting sessions for all scopes...
2026-01-12 13:03:25.741 [info] Got 1 sessions for ...
2026-01-12 13:03:25.741 [info] Getting sessions for all scopes...
2026-01-12 13:03:25.741 [info] Got 1 sessions for ...
2026-01-12 13:03:25.741 [info] Getting sessions for all scopes...
2026-01-12 13:03:25.741 [info] Got 1 sessions for ...
2026-01-12 13:03:25.741 [info] Getting sessions for all scopes...
2026-01-12 13:03:25.741 [info] Got 1 sessions for ...
2026-01-12 13:03:25.741 [info] Getting sessions for all scopes...
2026-01-12 13:03:25.741 [info] Got 1 sessions for ...
2026-01-12 13:03:25.741 [info] Getting sessions for all scopes...
2026-01-12 13:03:25.741 [info] Got 1 sessions for ...
2026-01-12 13:03:25.741 [info] Getting sessions for all scopes...
2026-01-12 13:03:25.741 [info] Got 1 sessions for ...
2026-01-12 13:03:25.741 [info] Getting sessions for all scopes...
2026-01-12 13:03:25.741 [info] Got 1 sessions for ...
2026-01-12 13:03:25.741 [info] Getting sessions for all scopes...
2026-01-12 13:03:25.741 [info] Got 1 sessions for ...
2026-01-12 13:03:25.741 [info] Getting sessions for all scopes...
2026-01-12 13:03:25.741 [info] Got 1 sessions for ...
2026-01-12 13:03:25.741 [info] Getting sessions for all scopes...
2026-01-12 13:03:25.741 [info] Got 1 sessions for ...
2026-01-12 13:03:25.741 [info] Getting sessions for all scopes...
2026-01-12 13:03:25.741 [info] Got 1 sessions for ...
2026-01-12 13:03:25.741 [info] Getting sessions for all scopes...
2026-01-12 13:03:25.741 [info] Got 1 sessions for ...
2026-01-12 13:03:25.741 [info] Getting sessions for all scopes...
2026-01-12 13:03:25.741 [info] Got 1 sessions for ...
2026-01-12 13:03:27.019 [info] FetcherService: Electron fetch failed with status: 429 
2026-01-12 13:03:27.122 [info] FetcherService: Node fetch failed with status: 429 Too Many Requests
2026-01-12 13:03:27.229 [info] FetcherService: Node http/s failed with status: 429 Too Many Requests
