2026-01-12 13:55:55.070 [info] Reading sessions from keychain...
2026-01-12 13:55:55.070 [info] Getting sessions for all scopes...
2026-01-12 13:55:55.103 [info] Got stored sessions!
2026-01-12 13:55:55.103 [info] Got 1 verified sessions.
2026-01-12 13:55:55.103 [info] Got 1 sessions for ...
2026-01-12 13:55:55.104 [info] Getting sessions for all scopes...
2026-01-12 13:55:55.104 [info] Got 1 sessions for ...
2026-01-12 13:55:55.104 [info] Getting sessions for all scopes...
2026-01-12 13:55:55.104 [info] Got 1 sessions for ...
2026-01-12 13:55:55.104 [info] Getting sessions for all scopes...
2026-01-12 13:55:55.104 [info] Got 1 sessions for ...
2026-01-12 13:55:55.104 [info] Getting sessions for all scopes...
2026-01-12 13:55:55.104 [info] Got 1 sessions for ...
2026-01-12 13:55:55.104 [info] Getting sessions for all scopes...
2026-01-12 13:55:55.104 [info] Got 1 sessions for ...
2026-01-12 13:55:55.104 [info] Getting sessions for all scopes...
2026-01-12 13:55:55.104 [info] Got 1 sessions for ...
2026-01-12 13:55:55.104 [info] Getting sessions for all scopes...
2026-01-12 13:55:55.104 [info] Got 1 sessions for ...
2026-01-12 13:55:55.104 [info] Getting sessions for all scopes...
2026-01-12 13:55:55.104 [info] Got 1 sessions for ...
2026-01-12 13:55:55.104 [info] Getting sessions for all scopes...
2026-01-12 13:55:55.104 [info] Got 1 sessions for ...
2026-01-12 13:55:55.147 [info] Getting sessions for all scopes...
2026-01-12 13:55:55.147 [info] Got 1 sessions for ...
2026-01-12 13:55:55.147 [info] Getting sessions for all scopes...
2026-01-12 13:55:55.147 [info] Got 1 sessions for ...
2026-01-12 13:55:55.147 [info] Getting sessions for all scopes...
2026-01-12 13:55:55.147 [info] Got 1 sessions for ...
2026-01-12 13:55:55.148 [info] Getting sessions for all scopes...
2026-01-12 13:55:55.148 [info] Got 1 sessions for ...
2026-01-12 13:55:55.148 [info] Getting sessions for all scopes...
2026-01-12 13:55:55.148 [info] Got 1 sessions for ...
2026-01-12 13:55:55.148 [info] Getting sessions for all scopes...
2026-01-12 13:55:55.148 [info] Got 1 sessions for ...
2026-01-12 13:55:56.048 [info] Getting sessions for all scopes...
2026-01-12 13:55:56.048 [info] Got 1 sessions for ...
2026-01-12 13:55:56.318 [info] FetcherService: Electron fetch failed with status: 429 
2026-01-12 13:55:56.320 [info] Unable to resolve optional EDU details. Status: 429 
