[2025-12-11 17:47:55.552] [info]  DiscordSplash.signalReady
[2025-12-11 17:47:55.605] [info]  DiscordSplash.onStateUpdate: {"status":"installing-updates","current":1,"total":6}
[2025-12-11 17:47:55.605] [info]  Splash.onStateUpdate: {"status":"installing-updates","current":1,"total":6}
[2025-12-11 17:47:55.606] [info]  DiscordSplash.onStateUpdate: {"status":"installing-updates","current":2,"total":6}
[2025-12-11 17:47:55.606] [info]  Splash.onStateUpdate: {"status":"installing-updates","current":2,"total":6}
[2025-12-11 17:47:55.606] [info]  DiscordSplash.onStateUpdate: {"status":"installing-updates","current":3,"total":6}
[2025-12-11 17:47:55.607] [info]  Splash.onStateUpdate: {"status":"installing-updates","current":3,"total":6}
[2025-12-11 17:47:55.607] [info]  DiscordSplash.onStateUpdate: {"status":"installing-updates","current":4,"total":6}
[2025-12-11 17:47:55.607] [info]  Splash.onStateUpdate: {"status":"installing-updates","current":4,"total":6}
[2025-12-11 17:47:55.607] [info]  DiscordSplash.onStateUpdate: {"status":"installing-updates","current":5,"total":6}
[2025-12-11 17:47:55.607] [info]  Splash.onStateUpdate: {"status":"installing-updates","current":5,"total":6}
[2025-12-11 17:47:55.607] [info]  DiscordSplash.onStateUpdate: {"status":"installing-updates","current":6,"total":6}
[2025-12-11 17:47:55.607] [info]  Splash.onStateUpdate: {"status":"installing-updates","current":6,"total":6}
[2025-12-11 17:47:55.608] [info]  DiscordSplash.onStateUpdate: {"status":"checking-for-updates","current":6,"total":6}
[2025-12-11 17:47:55.608] [info]  Splash.onStateUpdate: {"status":"checking-for-updates","current":6,"total":6}
[2025-12-11 17:47:56.552] [info]  Splash.updateCountdownSeconds: undefined
[2025-12-11 17:47:57.552] [info]  Splash.updateCountdownSeconds: undefined
[2025-12-11 17:47:57.838] [info]  DiscordSplash.onStateUpdate: {"status":"update-manually","current":6,"total":6,"newVersion":"0.0.118"}
[2025-12-11 17:47:57.838] [info]  Splash.onStateUpdate: {"status":"update-manually","current":6,"total":6,"newVersion":"0.0.118"}
[2025-12-11 17:47:58.552] [info]  Splash.updateCountdownSeconds: undefined
[2025-12-11 17:47:59.552] [info]  Splash.updateCountdownSeconds: undefined
[2025-12-11 17:48:00.552] [info]  Splash.updateCountdownSeconds: undefined
[2025-12-11 17:48:01.552] [info]  Splash.updateCountdownSeconds: undefined
[2025-12-11 18:18:33.302] [info]  DiscordSplash.signalReady
[2025-12-11 18:18:33.307] [info]  DiscordSplash.onStateUpdate: {"status":"checking-for-updates"}
[2025-12-11 18:18:33.308] [info]  Splash.onStateUpdate: {"status":"checking-for-updates"}
[2025-12-11 18:18:33.591] [info]  DiscordSplash.onStateUpdate: {"status":"update-manually","newVersion":"0.0.118"}
[2025-12-11 18:18:33.592] [info]  Splash.onStateUpdate: {"status":"update-manually","newVersion":"0.0.118"}
[2025-12-11 18:18:34.301] [info]  Splash.updateCountdownSeconds: undefined
[2025-12-11 18:18:35.301] [info]  Splash.updateCountdownSeconds: undefined
[2025-12-11 18:18:36.301] [info]  Splash.updateCountdownSeconds: undefined
[2025-12-11 18:18:37.301] [info]  Splash.updateCountdownSeconds: undefined
[2025-12-11 18:18:38.301] [info]  Splash.updateCountdownSeconds: undefined
[2025-12-11 18:18:39.301] [info]  Splash.updateCountdownSeconds: undefined
[2025-12-11 18:18:40.301] [info]  Splash.updateCountdownSeconds: undefined
[2025-12-11 18:18:41.301] [info]  Splash.updateCountdownSeconds: undefined
[2025-12-11 18:18:42.301] [info]  Splash.updateCountdownSeconds: undefined
[2025-12-11 18:18:43.301] [info]  Splash.updateCountdownSeconds: undefined
[2025-12-11 18:18:44.301] [info]  Splash.updateCountdownSeconds: undefined
[2025-12-11 18:18:45.301] [info]  Splash.updateCountdownSeconds: undefined
[2025-12-11 18:18:46.301] [info]  Splash.updateCountdownSeconds: undefined
[2025-12-11 18:18:47.301] [info]  Splash.updateCountdownSeconds: undefined
[2025-12-11 18:18:48.301] [info]  Splash.updateCountdownSeconds: undefined
[2025-12-11 18:18:49.301] [info]  Splash.updateCountdownSeconds: undefined
[2025-12-11 18:18:50.301] [info]  Splash.updateCountdownSeconds: undefined
[2025-12-11 18:18:51.301] [info]  Splash.updateCountdownSeconds: undefined
[2025-12-11 18:18:52.301] [info]  Splash.updateCountdownSeconds: undefined
[2025-12-11 18:18:53.301] [info]  Splash.updateCountdownSeconds: undefined
[2025-12-11 18:18:54.301] [info]  Splash.updateCountdownSeconds: undefined
[2025-12-11 18:18:55.301] [info]  Splash.updateCountdownSeconds: undefined
[2025-12-11 18:18:56.301] [info]  Splash.updateCountdownSeconds: undefined
[2025-12-11 18:18:57.301] [info]  Splash.updateCountdownSeconds: undefined
[2025-12-11 18:18:58.301] [info]  Splash.updateCountdownSeconds: undefined
[2025-12-11 18:18:59.301] [info]  Splash.updateCountdownSeconds: undefined
[2025-12-11 18:19:00.301] [info]  Splash.updateCountdownSeconds: undefined
[2025-12-11 18:19:01.301] [info]  Splash.updateCountdownSeconds: undefined
[2025-12-11 18:19:02.301] [info]  Splash.updateCountdownSeconds: undefined
[2025-12-11 18:19:03.301] [info]  Splash.updateCountdownSeconds: undefined
[2025-12-11 18:19:04.301] [info]  Splash.updateCountdownSeconds: undefined
[2025-12-11 18:19:05.301] [info]  Splash.updateCountdownSeconds: undefined
[2025-12-11 18:19:06.301] [info]  Splash.updateCountdownSeconds: undefined
[2025-12-11 18:19:07.301] [info]  Splash.updateCountdownSeconds: undefined
[2025-12-11 18:19:08.301] [info]  Splash.updateCountdownSeconds: undefined
[2025-12-11 18:19:09.301] [info]  Splash.updateCountdownSeconds: undefined
[2025-12-11 18:19:10.301] [info]  Splash.updateCountdownSeconds: undefined
[2025-12-11 18:21:04.722] [info]  DiscordSplash.signalReady
[2025-12-11 18:21:04.750] [info]  DiscordSplash.onStateUpdate: {"status":"checking-for-updates"}
[2025-12-11 18:21:04.750] [info]  Splash.onStateUpdate: {"status":"checking-for-updates"}
[2025-12-11 18:21:05.028] [info]  DiscordSplash.onStateUpdate: {"status":"update-manually","newVersion":"0.0.118"}
[2025-12-11 18:21:05.029] [info]  Splash.onStateUpdate: {"status":"update-manually","newVersion":"0.0.118"}
[2025-12-11 18:21:05.722] [info]  Splash.updateCountdownSeconds: undefined
