2026-01-12 13:24:08.280 [info] Reading sessions from keychain...
2026-01-12 13:24:08.280 [info] Getting sessions for all scopes...
2026-01-12 13:24:08.280 [info] Got stored sessions!
2026-01-12 13:24:08.280 [info] Got 1 verified sessions.
2026-01-12 13:24:08.280 [info] Got 1 sessions for ...
2026-01-12 13:24:08.280 [info] Getting sessions for all scopes...
2026-01-12 13:24:08.280 [info] Got 1 sessions for ...
2026-01-12 13:24:08.280 [info] Getting sessions for all scopes...
2026-01-12 13:24:08.280 [info] Got 1 sessions for ...
2026-01-12 13:24:08.280 [info] Getting sessions for all scopes...
2026-01-12 13:24:08.280 [info] Got 1 sessions for ...
2026-01-12 13:24:08.280 [info] Getting sessions for all scopes...
2026-01-12 13:24:08.280 [info] Got 1 sessions for ...
2026-01-12 13:24:08.280 [info] Getting sessions for all scopes...
2026-01-12 13:24:08.280 [info] Got 1 sessions for ...
2026-01-12 13:24:08.280 [info] Getting sessions for all scopes...
2026-01-12 13:24:08.280 [info] Got 1 sessions for ...
2026-01-12 13:24:08.280 [info] Getting sessions for all scopes...
2026-01-12 13:24:08.280 [info] Got 1 sessions for ...
2026-01-12 13:24:08.280 [info] Getting sessions for all scopes...
2026-01-12 13:24:08.280 [info] Got 1 sessions for ...
2026-01-12 13:24:08.280 [info] Getting sessions for all scopes...
2026-01-12 13:24:08.280 [info] Got 1 sessions for ...
2026-01-12 13:24:08.280 [info] Getting sessions for all scopes...
2026-01-12 13:24:08.280 [info] Got 1 sessions for ...
2026-01-12 13:24:08.280 [info] Getting sessions for all scopes...
2026-01-12 13:24:08.280 [info] Got 1 sessions for ...
2026-01-12 13:24:08.280 [info] Getting sessions for all scopes...
2026-01-12 13:24:08.280 [info] Got 1 sessions for ...
2026-01-12 13:24:08.280 [info] Getting sessions for all scopes...
2026-01-12 13:24:08.280 [info] Got 1 sessions for ...
2026-01-12 13:24:08.280 [info] Getting sessions for all scopes...
2026-01-12 13:24:08.280 [info] Got 1 sessions for ...
2026-01-12 13:24:09.403 [info] FetcherService: Electron fetch failed with status: 429 
2026-01-12 13:24:09.523 [info] FetcherService: Node fetch failed with status: 429 Too Many Requests
2026-01-12 13:24:09.637 [info] FetcherService: Node http/s failed with status: 429 Too Many Requests
2026-01-12 13:24:10.234 [info] Getting sessions for all scopes...
2026-01-12 13:24:10.234 [info] Got 1 sessions for ...
