2025-12-11 02:56:25.917 [info] Reading sessions from keychain...
2025-12-11 02:56:25.917 [info] Getting sessions for all scopes...
2025-12-11 02:56:25.977 [info] Got 0 sessions for ...
2025-12-11 02:56:25.977 [info] Getting sessions for all scopes...
2025-12-11 02:56:25.977 [info] Got 0 sessions for ...
2025-12-11 02:56:25.977 [info] Getting sessions for all scopes...
2025-12-11 02:56:25.977 [info] Got 0 sessions for ...
2025-12-11 02:56:25.977 [info] Getting sessions for all scopes...
2025-12-11 02:56:25.977 [info] Got 0 sessions for ...
2025-12-11 02:56:25.977 [info] Getting sessions for all scopes...
2025-12-11 02:56:25.977 [info] Got 0 sessions for ...
2025-12-11 02:56:25.977 [info] Getting sessions for all scopes...
2025-12-11 02:56:25.978 [info] Got 0 sessions for ...
2025-12-11 02:56:25.978 [info] Getting sessions for all scopes...
2025-12-11 02:56:25.978 [info] Got 0 sessions for ...
2025-12-11 02:56:25.978 [info] Getting sessions for all scopes...
2025-12-11 02:56:25.978 [info] Got 0 sessions for ...
2025-12-11 02:56:25.978 [info] Getting sessions for all scopes...
2025-12-11 02:56:25.978 [info] Got 0 sessions for ...
2025-12-11 02:56:25.984 [info] Getting sessions for all scopes...
2025-12-11 02:56:25.984 [info] Got 0 sessions for ...
2025-12-11 02:56:25.984 [info] Getting sessions for all scopes...
2025-12-11 02:56:25.984 [info] Got 0 sessions for ...
2025-12-11 02:56:25.984 [info] Getting sessions for all scopes...
2025-12-11 02:56:25.984 [info] Got 0 sessions for ...
2025-12-11 02:56:25.984 [info] Getting sessions for all scopes...
2025-12-11 02:56:25.984 [info] Got 0 sessions for ...
2025-12-11 02:56:25.984 [info] Getting sessions for all scopes...
2025-12-11 02:56:25.984 [info] Got 0 sessions for ...
2025-12-11 02:56:25.985 [info] Getting sessions for all scopes...
2025-12-11 02:56:25.985 [info] Got 0 sessions for ...
2025-12-11 02:56:26.037 [info] Getting sessions for all scopes...
2025-12-11 02:56:26.037 [info] Got 0 sessions for ...
2025-12-11 02:56:28.021 [info] Getting sessions for all scopes...
2025-12-11 02:56:28.021 [info] Got 0 sessions for ...
2025-12-11 02:58:36.450 [info] Getting sessions for all scopes...
2025-12-11 02:58:36.450 [info] Got 0 sessions for ...
2025-12-11 02:58:36.450 [info] Getting sessions for all scopes...
2025-12-11 02:58:36.450 [info] Got 0 sessions for ...
2025-12-11 02:58:36.582 [info] Getting sessions for user:email...
2025-12-11 02:58:36.582 [info] Got 0 sessions for user:email...
2025-12-11 02:58:36.583 [info] Getting sessions for read:user,repo,user:email,workflow...
2025-12-11 02:58:36.583 [info] Got 0 sessions for read:user,repo,user:email,workflow...
2025-12-11 02:58:36.739 [info] Getting sessions for all scopes...
2025-12-11 02:58:36.739 [info] Got 0 sessions for ...
2025-12-11 02:58:36.740 [info] Getting sessions for all scopes...
2025-12-11 02:58:36.740 [info] Got 0 sessions for ...
2025-12-11 02:58:36.740 [info] Getting sessions for read:user,repo,user:email,workflow...
2025-12-11 02:58:36.740 [info] Got 0 sessions for read:user,repo,user:email,workflow...
2025-12-11 02:58:36.743 [info] Getting sessions for read:user...
2025-12-11 02:58:36.743 [info] Got 0 sessions for read:user...
2025-12-11 02:58:36.744 [info] Getting sessions for user:email...
2025-12-11 02:58:36.744 [info] Got 0 sessions for user:email...
2025-12-11 02:58:36.826 [info] Getting sessions for all scopes...
2025-12-11 02:58:36.826 [info] Got 0 sessions for ...
2025-12-11 02:58:36.826 [info] Getting sessions for all scopes...
2025-12-11 02:58:36.826 [info] Got 0 sessions for ...
2025-12-11 02:58:36.826 [info] Getting sessions for all scopes...
2025-12-11 02:58:36.826 [info] Got 0 sessions for ...
2025-12-11 02:58:36.977 [info] Getting sessions for user:email...
2025-12-11 02:58:36.977 [info] Got 0 sessions for user:email...
2025-12-11 02:58:37.060 [info] Getting sessions for read:user,repo,user:email,workflow...
2025-12-11 02:58:37.060 [info] Got 0 sessions for read:user,repo,user:email,workflow...
2025-12-11 02:58:37.159 [info] Getting sessions for all scopes...
2025-12-11 02:58:37.159 [info] Got 0 sessions for ...
2025-12-11 02:58:37.160 [info] Getting sessions for all scopes...
2025-12-11 02:58:37.160 [info] Got 0 sessions for ...
2025-12-11 02:58:37.165 [info] Getting sessions for user:email...
2025-12-11 02:58:37.165 [info] Got 0 sessions for user:email...
2025-12-11 02:58:37.165 [info] Getting sessions for read:user,repo,user:email,workflow...
2025-12-11 02:58:37.165 [info] Got 0 sessions for read:user,repo,user:email,workflow...
2025-12-11 02:58:37.166 [info] Getting sessions for all scopes...
2025-12-11 02:58:37.166 [info] Got 0 sessions for ...
2025-12-11 02:58:37.166 [info] Getting sessions for user:email...
2025-12-11 02:58:37.166 [info] Got 0 sessions for user:email...
2025-12-11 02:58:38.715 [info] Getting sessions for all scopes...
2025-12-11 02:58:38.715 [info] Got 0 sessions for ...
2025-12-11 02:58:38.716 [info] Getting sessions for all scopes...
2025-12-11 02:58:38.716 [info] Got 0 sessions for ...
2025-12-11 02:58:38.716 [info] Getting sessions for all scopes...
2025-12-11 02:58:38.716 [info] Got 0 sessions for ...
2025-12-11 02:58:38.718 [info] Getting sessions for all scopes...
2025-12-11 02:58:38.718 [info] Got 0 sessions for ...
2025-12-11 02:58:38.718 [info] Getting sessions for user:email...
2025-12-11 02:58:38.719 [info] Got 0 sessions for user:email...
2025-12-11 02:58:38.719 [info] Getting sessions for read:user,repo,user:email,workflow...
2025-12-11 02:58:38.719 [info] Got 0 sessions for read:user,repo,user:email,workflow...
2025-12-11 02:59:59.035 [info] Logging in with 'any' account...
2025-12-11 02:59:59.035 [info] Logging in for the following scopes: user:email
2025-12-11 02:59:59.046 [info] Trying with local server... (user:email)
2025-12-11 03:00:09.677 [info] Exchanging code for token...
2025-12-11 03:00:09.855 [info] Token exchange success!
2025-12-11 03:00:09.856 [info] Getting user info...
2025-12-11 03:00:10.163 [info] Got account info!
2025-12-11 03:00:10.163 [info] Storing 1 sessions...
2025-12-11 03:00:10.165 [info] Reading sessions from keychain...
2025-12-11 03:00:10.165 [info] Stored 1 sessions!
2025-12-11 03:00:10.165 [info] Login success!
2025-12-11 03:00:10.165 [info] Getting sessions for all scopes...
2025-12-11 03:00:10.168 [info] Got stored sessions!
2025-12-11 03:00:10.168 [info] Got 1 verified sessions.
2025-12-11 03:00:10.168 [info] Got 1 sessions for ...
2025-12-11 03:00:10.168 [info] Getting sessions for all scopes...
2025-12-11 03:00:10.168 [info] Got 1 sessions for ...
2025-12-11 03:00:10.168 [info] Getting sessions for all scopes...
2025-12-11 03:00:10.168 [info] Got 1 sessions for ...
2025-12-11 03:00:10.168 [info] Getting sessions for all scopes...
2025-12-11 03:00:10.168 [info] Got 1 sessions for ...
2025-12-11 03:00:10.168 [info] Getting sessions for all scopes...
2025-12-11 03:00:10.168 [info] Got 1 sessions for ...
2025-12-11 03:00:10.169 [info] Getting sessions for all scopes...
2025-12-11 03:00:10.169 [info] Got 1 sessions for ...
2025-12-11 03:00:10.170 [info] Getting sessions for all scopes...
2025-12-11 03:00:10.170 [info] Got 1 sessions for ...
2025-12-11 03:00:10.170 [info] Getting sessions for all scopes...
2025-12-11 03:00:10.170 [info] Got 1 sessions for ...
2025-12-11 03:00:10.170 [info] Getting sessions for read:user,repo,user:email,workflow...
2025-12-11 03:00:10.170 [info] Got 0 sessions for read:user,repo,user:email,workflow...
2025-12-11 03:00:10.179 [info] Getting sessions for read:user,repo,user:email,workflow...
2025-12-11 03:00:10.179 [info] Got 0 sessions for read:user,repo,user:email,workflow...
2025-12-11 03:00:10.179 [info] Getting sessions for read:user...
2025-12-11 03:00:10.179 [info] Got 0 sessions for read:user...
2025-12-11 03:00:10.180 [info] Getting sessions for user:email...
2025-12-11 03:00:10.180 [info] Got 1 sessions for user:email...
2025-12-11 03:00:10.180 [info] Getting sessions for read:user,repo,user:email,workflow...
2025-12-11 03:00:10.180 [info] Got 0 sessions for read:user,repo,user:email,workflow...
2025-12-11 03:00:10.180 [info] Getting sessions for user:email...
2025-12-11 03:00:10.180 [info] Got 1 sessions for user:email...
2025-12-11 03:00:10.198 [info] Getting sessions for all scopes...
2025-12-11 03:00:10.198 [info] Got 1 sessions for ...
2025-12-11 03:00:10.199 [info] Getting sessions for read:user,repo,user:email,workflow...
2025-12-11 03:00:10.199 [info] Got 0 sessions for read:user,repo,user:email,workflow...
2025-12-11 03:00:10.199 [info] Getting sessions for user:email...
2025-12-11 03:00:10.199 [info] Got 1 sessions for user:email...
2025-12-11 03:00:10.276 [info] FetcherService: Electron fetch failed with status: 429 
2025-12-11 03:00:10.376 [info] FetcherService: Node fetch failed with status: 429 Too Many Requests
2025-12-11 03:00:10.481 [info] FetcherService: Node http/s failed with status: 429 Too Many Requests
2025-12-11 03:00:10.520 [info] Getting sessions for all scopes...
2025-12-11 03:00:10.520 [info] Got 1 sessions for ...
2025-12-11 03:00:10.520 [info] Getting sessions for all scopes...
2025-12-11 03:00:10.520 [info] Got 1 sessions for ...
2025-12-11 03:00:10.521 [info] Getting sessions for read:user,repo,user:email,workflow...
2025-12-11 03:00:10.521 [info] Got 0 sessions for read:user,repo,user:email,workflow...
2025-12-11 03:00:10.521 [info] Getting sessions for user:email...
2025-12-11 03:00:10.521 [info] Got 1 sessions for user:email...
2025-12-11 03:00:10.521 [info] Getting sessions for read:user,repo,user:email,workflow...
2025-12-11 03:00:10.521 [info] Got 0 sessions for read:user,repo,user:email,workflow...
2025-12-11 03:00:10.525 [info] Getting sessions for all scopes...
2025-12-11 03:00:10.525 [info] Got 1 sessions for ...
2025-12-11 03:00:10.525 [info] Getting sessions for all scopes...
2025-12-11 03:00:10.525 [info] Got 1 sessions for ...
2025-12-11 03:00:10.525 [info] Getting sessions for read:user,repo,user:email,workflow...
2025-12-11 03:00:10.525 [info] Got 0 sessions for read:user,repo,user:email,workflow...
2025-12-11 03:00:10.526 [info] Getting sessions for user:email...
2025-12-11 03:00:10.526 [info] Got 1 sessions for user:email...
2025-12-11 03:00:10.526 [info] Getting sessions for read:user,repo,user:email,workflow...
2025-12-11 03:00:10.526 [info] Got 0 sessions for read:user,repo,user:email,workflow...
2025-12-11 03:00:12.991 [info] Getting sessions for all scopes...
2025-12-11 03:00:12.991 [info] Got 1 sessions for ...
2025-12-11 03:00:12.993 [info] Getting sessions for read:user,repo,user:email,workflow...
2025-12-11 03:00:12.993 [info] Got 0 sessions for read:user,repo,user:email,workflow...
2025-12-11 03:00:12.993 [info] Getting sessions for read:user,repo,user:email,workflow...
2025-12-11 03:00:12.993 [info] Got 0 sessions for read:user,repo,user:email,workflow...
2025-12-11 03:00:12.994 [info] Getting sessions for all scopes...
2025-12-11 03:00:12.994 [info] Got 1 sessions for ...
2025-12-11 03:00:12.994 [info] Getting sessions for read:user,repo,user:email,workflow...
2025-12-11 03:00:12.995 [info] Got 0 sessions for read:user,repo,user:email,workflow...
2025-12-11 03:00:13.000 [info] Getting sessions for user:email...
2025-12-11 03:00:13.000 [info] Got 1 sessions for user:email...
